<?xml version="1.0" encoding="UTF-8"?>
<!-- Generated by org.testng.reporters.JUnitXMLReporter -->
<testsuite ignored="0" hostname="DESKTOP-HSAPT3H" failures="0" tests="4" name="Default test" time="48.396" errors="0" timestamp="2026-04-28T23:26:00 IST">
  <testcase classname="com.expandtest.tests.FormInteractionsTest" name="verifyCheckboxes" time="5.252"/>
  <testcase classname="com.expandtest.tests.FormInteractionsTest" name="verifyDropdown" time="2.857"/>
  <testcase classname="com.expandtest.tests.FormInteractionsTest" name="verifyRadioButtons" time="3.741"/>
  <testcase classname="com.expandtest.tests.FormInteractionsTest" name="verifyTextInputs" time="3.432"/>
</testsuite> <!-- Default test -->
