<?xml version="1.0" encoding="UTF-8"?>
<!-- Generated by org.testng.reporters.JUnitReportReporter -->
<testsuite hostname="DESKTOP-HSAPT3H" failures="0" tests="3" name="com.expandtest.tests.FormValidationsTest" time="40.706" errors="0" timestamp="2026-04-28T23:32:39 IST" skipped="0">
  <testcase classname="com.expandtest.tests.FormValidationsTest" name="verifyInvalidEmailValidation" time="14.348"/>
  <testcase classname="com.expandtest.tests.FormValidationsTest" name="verifyPasswordValidation" time="15.531"/>
  <testcase classname="com.expandtest.tests.FormValidationsTest" name="verifyEmptyTitleValidation" time="10.827"/>
</testsuite> <!-- com.expandtest.tests.FormValidationsTest -->
