<?xml version="1.0" encoding="UTF-8"?>
<!-- Generated by org.testng.reporters.JUnitReportReporter -->
<testsuite hostname="DESKTOP-HSAPT3H" failures="0" tests="4" name="com.expandtest.tests.LoginTest" time="75.319" errors="0" timestamp="2026-04-28T23:32:39 IST" skipped="0">
  <testcase classname="com.expandtest.tests.LoginTest" name="verifyLogin" time="22.344"/>
  <testcase classname="com.expandtest.tests.LoginTest" name="verifyLogout" time="18.752"/>
  <testcase classname="com.expandtest.tests.LoginTest" name="verifyLogin" time="20.141"/>
  <testcase classname="com.expandtest.tests.LoginTest" name="verifyLogin" time="14.082"/>
</testsuite> <!-- com.expandtest.tests.LoginTest -->
