<?xml version="1.0" encoding="UTF-8"?>
<!-- Generated by org.testng.reporters.JUnitReportReporter -->
<testsuite hostname="DESKTOP-HSAPT3H" failures="0" tests="4" name="com.expandtest.tests.FormInteractionsTest" time="50.934" errors="0" timestamp="2026-04-28T23:32:39 IST" skipped="0">
  <testcase classname="com.expandtest.tests.FormInteractionsTest" name="verifyTextInputs" time="13.723"/>
  <testcase classname="com.expandtest.tests.FormInteractionsTest" name="verifyDropdown" time="9.337"/>
  <testcase classname="com.expandtest.tests.FormInteractionsTest" name="verifyRadioButtons" time="17.234"/>
  <testcase classname="com.expandtest.tests.FormInteractionsTest" name="verifyCheckboxes" time="10.640"/>
</testsuite> <!-- com.expandtest.tests.FormInteractionsTest -->
