<?xml version="1.0" encoding="UTF-8"?>
<!-- Generated by org.testng.reporters.JUnitReportReporter -->
<testsuite hostname="DESKTOP-HSAPT3H" failures="0" tests="4" name="com.expandtest.tests.NotesTest" time="92.109" errors="0" timestamp="2026-04-28T23:32:39 IST" skipped="0">
  <testcase classname="com.expandtest.tests.NotesTest" name="verifyFilterNotes" time="27.970"/>
  <testcase classname="com.expandtest.tests.NotesTest" name="verifyDeleteNote" time="27.111"/>
  <testcase classname="com.expandtest.tests.NotesTest" name="verifyCreateNote" time="13.158"/>
  <testcase classname="com.expandtest.tests.NotesTest" name="verifyEditNote" time="23.870"/>
</testsuite> <!-- com.expandtest.tests.NotesTest -->
