<?xml version="1.0" encoding="UTF-8"?>
<!-- Generated by org.testng.reporters.JUnitReportReporter -->
<testsuite hostname="DESKTOP-HSAPT3H" failures="0" tests="4" name="com.expandtest.tests.AlertsTest" time="46.880" errors="0" timestamp="2026-04-28T23:32:39 IST" skipped="1">
  <testcase classname="com.expandtest.tests.AlertsTest" name="verifyJsConfirmDismiss" time="10.056"/>
  <testcase classname="com.expandtest.tests.AlertsTest" name="verifyJsPrompt" time="9.870"/>
  <testcase classname="com.expandtest.tests.AlertsTest" name="verifyJsAlert" time="18.398">
    <skipped/>
  </testcase> <!-- verifyJsAlert -->
  <testcase classname="com.expandtest.tests.AlertsTest" name="verifyJsAlert" time="8.556"/>
</testsuite> <!-- com.expandtest.tests.AlertsTest -->
