<?xml version="1.0" encoding="UTF-8"?>
<!-- Generated by org.testng.reporters.JUnitXMLReporter -->
<testsuite ignored="0" hostname="DESKTOP-HSAPT3H" failures="0" tests="4" name="Alerts Tests" time="46.901" errors="0" timestamp="2026-04-28T23:31:58 IST">
  <testcase classname="com.expandtest.tests.AlertsTest" name="verifyJsAlert" time="10.264">
    <skipped/>
  </testcase> <!-- verifyJsAlert -->
  <testcase classname="com.expandtest.tests.AlertsTest" name="verifyJsAlert" time="0.659"/>
  <testcase classname="com.expandtest.tests.AlertsTest" name="verifyJsConfirmDismiss" time="1.038"/>
  <testcase classname="com.expandtest.tests.AlertsTest" name="verifyJsPrompt" time="0.302"/>
</testsuite> <!-- Alerts Tests -->
