<?xml version="1.0" encoding="UTF-8"?>
<!-- Generated by org.testng.reporters.JUnitXMLReporter -->
<testsuite ignored="0" hostname="DESKTOP-HSAPT3H" failures="0" tests="4" name="Form Interaction Tests" time="50.947" errors="0" timestamp="2026-04-28T23:31:11 IST">
  <testcase classname="com.expandtest.tests.FormInteractionsTest" name="verifyCheckboxes" time="3.631"/>
  <testcase classname="com.expandtest.tests.FormInteractionsTest" name="verifyDropdown" time="2.488"/>
  <testcase classname="com.expandtest.tests.FormInteractionsTest" name="verifyRadioButtons" time="3.676"/>
  <testcase classname="com.expandtest.tests.FormInteractionsTest" name="verifyTextInputs" time="3.15"/>
</testsuite> <!-- Form Interaction Tests -->
