<?xml version="1.0" encoding="UTF-8"?>
<!-- Generated by org.testng.reporters.JUnitXMLReporter -->
<testsuite ignored="0" hostname="DESKTOP-HSAPT3H" failures="0" tests="3" name="Form Validations Tests" time="40.716" errors="0" timestamp="2026-04-28T23:32:39 IST">
  <testcase classname="com.expandtest.tests.FormValidationsTest" name="verifyEmptyTitleValidation" time="4.609"/>
  <testcase classname="com.expandtest.tests.FormValidationsTest" name="verifyInvalidEmailValidation" time="7.24"/>
  <testcase classname="com.expandtest.tests.FormValidationsTest" name="verifyPasswordValidation" time="5.736"/>
</testsuite> <!-- Form Validations Tests -->
