<?xml version="1.0" encoding="UTF-8"?>
<!-- Generated by org.testng.reporters.JUnitXMLReporter -->
<testsuite ignored="0" hostname="DESKTOP-HSAPT3H" failures="0" tests="4" name="Login Tests" time="77.17" errors="0" timestamp="2026-04-28T23:28:48 IST">
  <testcase classname="com.expandtest.tests.LoginTest" name="verifyLogin" time="9.593"/>
  <testcase classname="com.expandtest.tests.LoginTest" name="verifyLogin" time="13.148"/>
  <testcase classname="com.expandtest.tests.LoginTest" name="verifyLogin" time="7.659"/>
  <testcase classname="com.expandtest.tests.LoginTest" name="verifyLogout" time="10.527"/>
</testsuite> <!-- Login Tests -->
