<?xml version="1.0" encoding="UTF-8"?>
<!-- Generated by org.testng.reporters.JUnitXMLReporter -->
<testsuite ignored="0" hostname="DESKTOP-HSAPT3H" failures="0" tests="4" name="Notes Tests" time="92.125" errors="0" timestamp="2026-04-28T23:30:20 IST">
  <testcase classname="com.expandtest.tests.NotesTest" name="verifyCreateNote" time="3.014"/>
  <testcase classname="com.expandtest.tests.NotesTest" name="verifyDeleteNote" time="15.687"/>
  <testcase classname="com.expandtest.tests.NotesTest" name="verifyEditNote" time="10.019"/>
  <testcase classname="com.expandtest.tests.NotesTest" name="verifyFilterNotes" time="18.115"/>
</testsuite> <!-- Notes Tests -->
