<?xml version="1.0" encoding="UTF-8"?>
<testng-results retried="1" ignored="1" total="20" passed="18" failed="0" skipped="0">
  <reporter-output>
  </reporter-output>
  <suite started-at="2026-04-28T23:27:30 IST" name="Automation Suite" finished-at="2026-04-28T23:32:39 IST" duration-ms="308827">
    <groups>
    </groups>
    <test started-at="2026-04-28T23:27:30 IST" name="Login Tests" finished-at="2026-04-28T23:28:47 IST" duration-ms="77170">
      <class name="com.expandtest.tests.LoginTest">
        <test-method is-config="true" signature="setUp()[pri:0, instance:com.expandtest.tests.LoginTest@1c9b0314]" started-at="2026-04-28T23:27:32 IST" name="setUp" finished-at="2026-04-28T23:27:39 IST" duration-ms="7822" status="PASS">
          <reporter-output>
          </reporter-output>
        </test-method> <!-- setUp -->
        <test-method signature="verifyLogin(java.lang.String,java.lang.String,java.lang.String)[pri:0, instance:com.expandtest.tests.LoginTest@1c9b0314]" started-at="2026-04-28T23:27:39 IST" name="verifyLogin" data-provider="loginData" finished-at="2026-04-28T23:27:49 IST" duration-ms="9593" status="PASS">
          <params>
            <param index="0">
              <value>
                <![CDATA[practice]]>
              </value>
            </param>
            <param index="1">
              <value>
                <![CDATA[SuperSecretPassword!]]>
              </value>
            </param>
            <param index="2">
              <value>
                <![CDATA[success]]>
              </value>
            </param>
          </params>
          <reporter-output>
          </reporter-output>
        </test-method> <!-- verifyLogin -->
        <test-method is-config="true" signature="tearDown()[pri:0, instance:com.expandtest.tests.LoginTest@1c9b0314]" started-at="2026-04-28T23:27:49 IST" name="tearDown" finished-at="2026-04-28T23:27:51 IST" duration-ms="1500" status="PASS">
          <reporter-output>
          </reporter-output>
        </test-method> <!-- tearDown -->
        <test-method is-config="true" signature="setUp()[pri:0, instance:com.expandtest.tests.LoginTest@1c9b0314]" started-at="2026-04-28T23:27:51 IST" name="setUp" finished-at="2026-04-28T23:27:57 IST" duration-ms="6379" status="PASS">
          <reporter-output>
          </reporter-output>
        </test-method> <!-- setUp -->
        <test-method signature="verifyLogin(java.lang.String,java.lang.String,java.lang.String)[pri:0, instance:com.expandtest.tests.LoginTest@1c9b0314]" started-at="2026-04-28T23:27:57 IST" name="verifyLogin" data-provider="loginData" finished-at="2026-04-28T23:28:10 IST" duration-ms="13148" status="PASS">
          <params>
            <param index="0">
              <value>
                <![CDATA[practice]]>
              </value>
            </param>
            <param index="1">
              <value>
                <![CDATA[wrongpass]]>
              </value>
            </param>
            <param index="2">
              <value>
                <![CDATA[failure]]>
              </value>
            </param>
          </params>
          <reporter-output>
          </reporter-output>
        </test-method> <!-- verifyLogin -->
        <test-method is-config="true" signature="tearDown()[pri:0, instance:com.expandtest.tests.LoginTest@1c9b0314]" started-at="2026-04-28T23:28:10 IST" name="tearDown" finished-at="2026-04-28T23:28:11 IST" duration-ms="614" status="PASS">
          <reporter-output>
          </reporter-output>
        </test-method> <!-- tearDown -->
        <test-method is-config="true" signature="setUp()[pri:0, instance:com.expandtest.tests.LoginTest@1c9b0314]" started-at="2026-04-28T23:28:11 IST" name="setUp" finished-at="2026-04-28T23:28:16 IST" duration-ms="4923" status="PASS">
          <reporter-output>
          </reporter-output>
        </test-method> <!-- setUp -->
        <test-method signature="verifyLogin(java.lang.String,java.lang.String,java.lang.String)[pri:0, instance:com.expandtest.tests.LoginTest@1c9b0314]" started-at="2026-04-28T23:28:16 IST" name="verifyLogin" data-provider="loginData" finished-at="2026-04-28T23:28:23 IST" duration-ms="7659" status="PASS">
          <params>
            <param index="0">
              <value>
                <![CDATA[]]>
              </value>
            </param>
            <param index="1">
              <value>
                <![CDATA[]]>
              </value>
            </param>
            <param index="2">
              <value>
                <![CDATA[empty]]>
              </value>
            </param>
          </params>
          <reporter-output>
          </reporter-output>
        </test-method> <!-- verifyLogin -->
        <test-method is-config="true" signature="tearDown()[pri:0, instance:com.expandtest.tests.LoginTest@1c9b0314]" started-at="2026-04-28T23:28:23 IST" name="tearDown" finished-at="2026-04-28T23:28:24 IST" duration-ms="403" status="PASS">
          <reporter-output>
          </reporter-output>
        </test-method> <!-- tearDown -->
        <test-method is-config="true" signature="setUp()[pri:0, instance:com.expandtest.tests.LoginTest@1c9b0314]" started-at="2026-04-28T23:28:24 IST" name="setUp" finished-at="2026-04-28T23:28:34 IST" duration-ms="10562" status="PASS">
          <reporter-output>
          </reporter-output>
        </test-method> <!-- setUp -->
        <test-method signature="verifyLogout()[pri:0, instance:com.expandtest.tests.LoginTest@1c9b0314]" started-at="2026-04-28T23:28:34 IST" name="verifyLogout" finished-at="2026-04-28T23:28:45 IST" duration-ms="10527" status="PASS">
          <reporter-output>
          </reporter-output>
        </test-method> <!-- verifyLogout -->
        <test-method is-config="true" signature="tearDown()[pri:0, instance:com.expandtest.tests.LoginTest@1c9b0314]" started-at="2026-04-28T23:28:45 IST" name="tearDown" finished-at="2026-04-28T23:28:47 IST" duration-ms="2189" status="PASS">
          <reporter-output>
          </reporter-output>
        </test-method> <!-- tearDown -->
      </class> <!-- com.expandtest.tests.LoginTest -->
    </test> <!-- Login Tests -->
    <test started-at="2026-04-28T23:28:48 IST" name="Notes Tests" finished-at="2026-04-28T23:30:20 IST" duration-ms="92125">
      <class name="com.expandtest.tests.NotesTest">
        <test-method is-config="true" signature="setUp()[pri:0, instance:com.expandtest.tests.NotesTest@13d9cbf5]" started-at="2026-04-28T23:28:48 IST" name="setUp" finished-at="2026-04-28T23:28:53 IST" duration-ms="5220" status="PASS">
          <reporter-output>
          </reporter-output>
        </test-method> <!-- setUp -->
        <test-method is-config="true" signature="setUpNotes()[pri:0, instance:com.expandtest.tests.NotesTest@13d9cbf5]" started-at="2026-04-28T23:28:53 IST" name="setUpNotes" finished-at="2026-04-28T23:28:57 IST" duration-ms="3881" status="PASS">
          <reporter-output>
          </reporter-output>
        </test-method> <!-- setUpNotes -->
        <test-method signature="verifyCreateNote()[pri:0, instance:com.expandtest.tests.NotesTest@13d9cbf5]" started-at="2026-04-28T23:28:57 IST" name="verifyCreateNote" finished-at="2026-04-28T23:29:00 IST" duration-ms="3014" status="PASS">
          <reporter-output>
          </reporter-output>
        </test-method> <!-- verifyCreateNote -->
        <test-method is-config="true" signature="tearDown()[pri:0, instance:com.expandtest.tests.NotesTest@13d9cbf5]" started-at="2026-04-28T23:29:00 IST" name="tearDown" finished-at="2026-04-28T23:29:02 IST" duration-ms="1722" status="PASS">
          <reporter-output>
          </reporter-output>
        </test-method> <!-- tearDown -->
        <test-method is-config="true" signature="setUp()[pri:0, instance:com.expandtest.tests.NotesTest@13d9cbf5]" started-at="2026-04-28T23:29:02 IST" name="setUp" finished-at="2026-04-28T23:29:05 IST" duration-ms="3502" status="PASS">
          <reporter-output>
          </reporter-output>
        </test-method> <!-- setUp -->
        <test-method is-config="true" signature="setUpNotes()[pri:0, instance:com.expandtest.tests.NotesTest@13d9cbf5]" started-at="2026-04-28T23:29:05 IST" name="setUpNotes" finished-at="2026-04-28T23:29:14 IST" duration-ms="9325" status="PASS">
          <reporter-output>
          </reporter-output>
        </test-method> <!-- setUpNotes -->
        <test-method signature="verifyDeleteNote()[pri:0, instance:com.expandtest.tests.NotesTest@13d9cbf5]" started-at="2026-04-28T23:29:14 IST" name="verifyDeleteNote" finished-at="2026-04-28T23:29:30 IST" duration-ms="15687" status="PASS">
          <reporter-output>
          </reporter-output>
        </test-method> <!-- verifyDeleteNote -->
        <test-method is-config="true" signature="tearDown()[pri:0, instance:com.expandtest.tests.NotesTest@13d9cbf5]" started-at="2026-04-28T23:29:30 IST" name="tearDown" finished-at="2026-04-28T23:29:30 IST" duration-ms="316" status="PASS">
          <reporter-output>
          </reporter-output>
        </test-method> <!-- tearDown -->
        <test-method is-config="true" signature="setUp()[pri:0, instance:com.expandtest.tests.NotesTest@13d9cbf5]" started-at="2026-04-28T23:29:30 IST" name="setUp" finished-at="2026-04-28T23:29:36 IST" duration-ms="5585" status="PASS">
          <reporter-output>
          </reporter-output>
        </test-method> <!-- setUp -->
        <test-method is-config="true" signature="setUpNotes()[pri:0, instance:com.expandtest.tests.NotesTest@13d9cbf5]" started-at="2026-04-28T23:29:36 IST" name="setUpNotes" finished-at="2026-04-28T23:29:41 IST" duration-ms="4930" status="PASS">
          <reporter-output>
          </reporter-output>
        </test-method> <!-- setUpNotes -->
        <test-method signature="verifyEditNote()[pri:0, instance:com.expandtest.tests.NotesTest@13d9cbf5]" started-at="2026-04-28T23:29:41 IST" name="verifyEditNote" finished-at="2026-04-28T23:29:51 IST" duration-ms="10019" status="PASS">
          <reporter-output>
          </reporter-output>
        </test-method> <!-- verifyEditNote -->
        <test-method is-config="true" signature="tearDown()[pri:0, instance:com.expandtest.tests.NotesTest@13d9cbf5]" started-at="2026-04-28T23:29:51 IST" name="tearDown" finished-at="2026-04-28T23:29:52 IST" duration-ms="678" status="PASS">
          <reporter-output>
          </reporter-output>
        </test-method> <!-- tearDown -->
        <test-method is-config="true" signature="setUp()[pri:0, instance:com.expandtest.tests.NotesTest@13d9cbf5]" started-at="2026-04-28T23:29:52 IST" name="setUp" finished-at="2026-04-28T23:29:56 IST" duration-ms="4772" status="PASS">
          <reporter-output>
          </reporter-output>
        </test-method> <!-- setUp -->
        <test-method is-config="true" signature="setUpNotes()[pri:0, instance:com.expandtest.tests.NotesTest@13d9cbf5]" started-at="2026-04-28T23:29:56 IST" name="setUpNotes" finished-at="2026-04-28T23:30:01 IST" duration-ms="4319" status="PASS">
          <reporter-output>
          </reporter-output>
        </test-method> <!-- setUpNotes -->
        <test-method signature="verifyFilterNotes()[pri:0, instance:com.expandtest.tests.NotesTest@13d9cbf5]" started-at="2026-04-28T23:30:01 IST" name="verifyFilterNotes" finished-at="2026-04-28T23:30:19 IST" duration-ms="18115" status="PASS">
          <reporter-output>
          </reporter-output>
        </test-method> <!-- verifyFilterNotes -->
        <test-method is-config="true" signature="tearDown()[pri:0, instance:com.expandtest.tests.NotesTest@13d9cbf5]" started-at="2026-04-28T23:30:19 IST" name="tearDown" finished-at="2026-04-28T23:30:20 IST" duration-ms="1024" status="PASS">
          <reporter-output>
          </reporter-output>
        </test-method> <!-- tearDown -->
      </class> <!-- com.expandtest.tests.NotesTest -->
    </test> <!-- Notes Tests -->
    <test started-at="2026-04-28T23:30:20 IST" name="Form Interaction Tests" finished-at="2026-04-28T23:31:11 IST" duration-ms="50947">
      <class name="com.expandtest.tests.FormInteractionsTest">
        <test-method is-config="true" signature="setUp()[pri:0, instance:com.expandtest.tests.FormInteractionsTest@4bc222e]" started-at="2026-04-28T23:30:20 IST" name="setUp" finished-at="2026-04-28T23:30:26 IST" duration-ms="5753" status="PASS">
          <reporter-output>
          </reporter-output>
        </test-method> <!-- setUp -->
        <test-method signature="verifyCheckboxes()[pri:0, instance:com.expandtest.tests.FormInteractionsTest@4bc222e]" started-at="2026-04-28T23:30:26 IST" name="verifyCheckboxes" finished-at="2026-04-28T23:30:29 IST" duration-ms="3631" status="PASS">
          <reporter-output>
          </reporter-output>
        </test-method> <!-- verifyCheckboxes -->
        <test-method is-config="true" signature="tearDown()[pri:0, instance:com.expandtest.tests.FormInteractionsTest@4bc222e]" started-at="2026-04-28T23:30:29 IST" name="tearDown" finished-at="2026-04-28T23:30:30 IST" duration-ms="503" status="PASS">
          <reporter-output>
          </reporter-output>
        </test-method> <!-- tearDown -->
        <test-method is-config="true" signature="setUp()[pri:0, instance:com.expandtest.tests.FormInteractionsTest@4bc222e]" started-at="2026-04-28T23:30:30 IST" name="setUp" finished-at="2026-04-28T23:30:43 IST" duration-ms="13055" status="PASS">
          <reporter-output>
          </reporter-output>
        </test-method> <!-- setUp -->
        <test-method signature="verifyDropdown()[pri:0, instance:com.expandtest.tests.FormInteractionsTest@4bc222e]" started-at="2026-04-28T23:30:43 IST" name="verifyDropdown" finished-at="2026-04-28T23:30:45 IST" duration-ms="2488" status="PASS">
          <reporter-output>
          </reporter-output>
        </test-method> <!-- verifyDropdown -->
        <test-method is-config="true" signature="tearDown()[pri:0, instance:com.expandtest.tests.FormInteractionsTest@4bc222e]" started-at="2026-04-28T23:30:45 IST" name="tearDown" finished-at="2026-04-28T23:30:50 IST" duration-ms="4096" status="PASS">
          <reporter-output>
          </reporter-output>
        </test-method> <!-- tearDown -->
        <test-method is-config="true" signature="setUp()[pri:0, instance:com.expandtest.tests.FormInteractionsTest@4bc222e]" started-at="2026-04-28T23:30:50 IST" name="setUp" finished-at="2026-04-28T23:30:56 IST" duration-ms="6477" status="PASS">
          <reporter-output>
          </reporter-output>
        </test-method> <!-- setUp -->
        <test-method signature="verifyRadioButtons()[pri:0, instance:com.expandtest.tests.FormInteractionsTest@4bc222e]" started-at="2026-04-28T23:30:56 IST" name="verifyRadioButtons" finished-at="2026-04-28T23:31:00 IST" duration-ms="3676" status="PASS">
          <reporter-output>
          </reporter-output>
        </test-method> <!-- verifyRadioButtons -->
        <test-method is-config="true" signature="tearDown()[pri:0, instance:com.expandtest.tests.FormInteractionsTest@4bc222e]" started-at="2026-04-28T23:31:00 IST" name="tearDown" finished-at="2026-04-28T23:31:02 IST" duration-ms="2400" status="PASS">
          <reporter-output>
          </reporter-output>
        </test-method> <!-- tearDown -->
        <test-method is-config="true" signature="setUp()[pri:0, instance:com.expandtest.tests.FormInteractionsTest@4bc222e]" started-at="2026-04-28T23:31:02 IST" name="setUp" finished-at="2026-04-28T23:31:07 IST" duration-ms="4609" status="PASS">
          <reporter-output>
          </reporter-output>
        </test-method> <!-- setUp -->
        <test-method signature="verifyTextInputs()[pri:0, instance:com.expandtest.tests.FormInteractionsTest@4bc222e]" started-at="2026-04-28T23:31:07 IST" name="verifyTextInputs" finished-at="2026-04-28T23:31:10 IST" duration-ms="3150" status="PASS">
          <reporter-output>
          </reporter-output>
        </test-method> <!-- verifyTextInputs -->
        <test-method is-config="true" signature="tearDown()[pri:0, instance:com.expandtest.tests.FormInteractionsTest@4bc222e]" started-at="2026-04-28T23:31:10 IST" name="tearDown" finished-at="2026-04-28T23:31:11 IST" duration-ms="1096" status="PASS">
          <reporter-output>
          </reporter-output>
        </test-method> <!-- tearDown -->
      </class> <!-- com.expandtest.tests.FormInteractionsTest -->
    </test> <!-- Form Interaction Tests -->
    <test started-at="2026-04-28T23:31:11 IST" name="Alerts Tests" finished-at="2026-04-28T23:31:58 IST" duration-ms="46901">
      <class name="com.expandtest.tests.AlertsTest">
        <test-method is-config="true" signature="setUp()[pri:0, instance:com.expandtest.tests.AlertsTest@27912e3]" started-at="2026-04-28T23:31:11 IST" name="setUp" finished-at="2026-04-28T23:31:17 IST" duration-ms="6109" status="PASS">
          <reporter-output>
          </reporter-output>
        </test-method> <!-- setUp -->
        <test-method is-config="true" signature="setupPage()[pri:0, instance:com.expandtest.tests.AlertsTest@27912e3]" started-at="2026-04-28T23:31:17 IST" name="setupPage" finished-at="2026-04-28T23:31:19 IST" duration-ms="1751" status="PASS">
          <reporter-output>
          </reporter-output>
        </test-method> <!-- setupPage -->
        <test-method retried="true" signature="verifyJsAlert()[pri:0, instance:com.expandtest.tests.AlertsTest@27912e3]" started-at="2026-04-28T23:31:19 IST" name="verifyJsAlert" finished-at="2026-04-28T23:31:29 IST" duration-ms="10264" status="SKIP">
          <exception class="org.openqa.selenium.TimeoutException">
            <message>
              <![CDATA[Expected condition failed: waiting for alert to be present (tried for 10 second(s) with 500 milliseconds interval)
Build info: version: '4.39.0', revision: '126f156aee'
System info: os.name: 'Windows 11', os.arch: 'amd64', os.version: '10.0', java.version: '17.0.12'
Driver info: org.openqa.selenium.chrome.ChromeDriver
Capabilities {acceptInsecureCerts: false, browserName: chrome, browserVersion: 147.0.7727.103, chrome: {chromedriverVersion: 147.0.7727.117 (474cc805edd..., userDataDir: C:\Users\manas\AppData\Loca...}, fedcm:accounts: true, goog:chromeOptions: {debuggerAddress: localhost:53699}, goog:processID: 9456, networkConnectionEnabled: false, pageLoadStrategy: normal, platformName: windows, proxy: Proxy(), se:cdp: ws://localhost:53699/devtoo..., se:cdpVersion: 147.0.7727.103, setWindowRect: true, strictFileInteractability: false, timeouts: {implicit: 0, pageLoad: 300000, script: 30000}, unhandledPromptBehavior: dismiss and notify, webauthn:extension:credBlob: true, webauthn:extension:largeBlob: true, webauthn:extension:minPinLength: true, webauthn:extension:prf: true, webauthn:virtualAuthenticators: true}
Session ID: 72b2378ec219cd041960654e682de8f7]]>
            </message>
            <full-stacktrace>
              <![CDATA[org.openqa.selenium.TimeoutException: Expected condition failed: waiting for alert to be present (tried for 10 second(s) with 500 milliseconds interval)
Build info: version: '4.39.0', revision: '126f156aee'
System info: os.name: 'Windows 11', os.arch: 'amd64', os.version: '10.0', java.version: '17.0.12'
Driver info: org.openqa.selenium.chrome.ChromeDriver
Capabilities {acceptInsecureCerts: false, browserName: chrome, browserVersion: 147.0.7727.103, chrome: {chromedriverVersion: 147.0.7727.117 (474cc805edd..., userDataDir: C:\Users\manas\AppData\Loca...}, fedcm:accounts: true, goog:chromeOptions: {debuggerAddress: localhost:53699}, goog:processID: 9456, networkConnectionEnabled: false, pageLoadStrategy: normal, platformName: windows, proxy: Proxy(), se:cdp: ws://localhost:53699/devtoo..., se:cdpVersion: 147.0.7727.103, setWindowRect: true, strictFileInteractability: false, timeouts: {implicit: 0, pageLoad: 300000, script: 30000}, unhandledPromptBehavior: dismiss and notify, webauthn:extension:credBlob: true, webauthn:extension:largeBlob: true, webauthn:extension:minPinLength: true, webauthn:extension:prf: true, webauthn:virtualAuthenticators: true}
Session ID: 72b2378ec219cd041960654e682de8f7
at org.openqa.selenium.support.ui.WebDriverWait.timeoutException(WebDriverWait.java:84)
at org.openqa.selenium.support.ui.FluentWait.until(FluentWait.java:228)
at com.expandtest.pages.AlertsPage.acceptAlert(AlertsPage.java:26)
at com.expandtest.tests.AlertsTest.verifyJsAlert(AlertsTest.java:28)
at java.base/jdk.internal.reflect.NativeMethodAccessorImpl.invoke0(Native Method)
at java.base/jdk.internal.reflect.NativeMethodAccessorImpl.invoke(NativeMethodAccessorImpl.java:77)
at java.base/jdk.internal.reflect.DelegatingMethodAccessorImpl.invoke(DelegatingMethodAccessorImpl.java:43)
at java.base/java.lang.reflect.Method.invoke(Method.java:568)
at org.testng.internal.invokers.MethodInvocationHelper.invokeMethod(MethodInvocationHelper.java:141)
at org.testng.internal.invokers.TestInvoker.invokeMethod(TestInvoker.java:686)
at org.testng.internal.invokers.TestInvoker.invokeTestMethod(TestInvoker.java:230)
at org.testng.internal.invokers.MethodRunner.runInSequence(MethodRunner.java:63)
at org.testng.internal.invokers.TestInvoker$MethodInvocationAgent.invoke(TestInvoker.java:992)
at org.testng.internal.invokers.TestInvoker.invokeTestMethods(TestInvoker.java:203)
at org.testng.internal.invokers.TestMethodWorker.invokeTestMethods(TestMethodWorker.java:154)
at org.testng.internal.invokers.TestMethodWorker.run(TestMethodWorker.java:134)
at java.base/java.util.ArrayList.forEach(ArrayList.java:1511)
at org.testng.TestRunner.privateRun(TestRunner.java:739)
at org.testng.TestRunner.run(TestRunner.java:614)
at org.testng.SuiteRunner.runTest(SuiteRunner.java:421)
at org.testng.SuiteRunner.runSequentially(SuiteRunner.java:413)
at org.testng.SuiteRunner.privateRun(SuiteRunner.java:373)
at org.testng.SuiteRunner.run(SuiteRunner.java:312)
at org.testng.SuiteRunnerWorker.runSuite(SuiteRunnerWorker.java:52)
at org.testng.SuiteRunnerWorker.run(SuiteRunnerWorker.java:95)
at org.testng.TestNG.runSuitesSequentially(TestNG.java:1274)
at org.testng.TestNG.runSuitesLocally(TestNG.java:1208)
at org.testng.TestNG.runSuites(TestNG.java:1112)
at org.testng.TestNG.run(TestNG.java:1079)
at org.testng.remote.AbstractRemoteTestNG.run(AbstractRemoteTestNG.java:115)
at org.testng.remote.RemoteTestNG.initAndRun(RemoteTestNG.java:293)
at org.testng.remote.RemoteTestNG.main(RemoteTestNG.java:91)
]]>
            </full-stacktrace>
          </exception> <!-- org.openqa.selenium.TimeoutException -->
          <reporter-output>
          </reporter-output>
        </test-method> <!-- verifyJsAlert -->
        <test-method is-config="true" signature="tearDown()[pri:0, instance:com.expandtest.tests.AlertsTest@27912e3]" started-at="2026-04-28T23:31:29 IST" name="tearDown" finished-at="2026-04-28T23:31:30 IST" duration-ms="728" status="PASS">
          <reporter-output>
          </reporter-output>
        </test-method> <!-- tearDown -->
        <test-method is-config="true" signature="setUp()[pri:0, instance:com.expandtest.tests.AlertsTest@27912e3]" started-at="2026-04-28T23:31:30 IST" name="setUp" finished-at="2026-04-28T23:31:37 IST" duration-ms="6750" status="PASS">
          <reporter-output>
          </reporter-output>
        </test-method> <!-- setUp -->
        <test-method is-config="true" signature="setupPage()[pri:0, instance:com.expandtest.tests.AlertsTest@27912e3]" started-at="2026-04-28T23:31:37 IST" name="setupPage" finished-at="2026-04-28T23:31:38 IST" duration-ms="1569" status="PASS">
          <reporter-output>
          </reporter-output>
        </test-method> <!-- setupPage -->
        <test-method signature="verifyJsAlert()[pri:0, instance:com.expandtest.tests.AlertsTest@27912e3]" started-at="2026-04-28T23:31:38 IST" name="verifyJsAlert" finished-at="2026-04-28T23:31:39 IST" duration-ms="659" status="PASS">
          <reporter-output>
          </reporter-output>
        </test-method> <!-- verifyJsAlert -->
        <test-method is-config="true" signature="tearDown()[pri:0, instance:com.expandtest.tests.AlertsTest@27912e3]" started-at="2026-04-28T23:31:39 IST" name="tearDown" finished-at="2026-04-28T23:31:40 IST" duration-ms="1081" status="PASS">
          <reporter-output>
          </reporter-output>
        </test-method> <!-- tearDown -->
        <test-method is-config="true" signature="setUp()[pri:0, instance:com.expandtest.tests.AlertsTest@27912e3]" started-at="2026-04-28T23:31:40 IST" name="setUp" finished-at="2026-04-28T23:31:46 IST" duration-ms="5600" status="PASS">
          <reporter-output>
          </reporter-output>
        </test-method> <!-- setUp -->
        <test-method is-config="true" signature="setupPage()[pri:0, instance:com.expandtest.tests.AlertsTest@27912e3]" started-at="2026-04-28T23:31:46 IST" name="setupPage" finished-at="2026-04-28T23:31:47 IST" duration-ms="1766" status="PASS">
          <reporter-output>
          </reporter-output>
        </test-method> <!-- setupPage -->
        <test-method signature="verifyJsConfirmDismiss()[pri:0, instance:com.expandtest.tests.AlertsTest@27912e3]" started-at="2026-04-28T23:31:47 IST" name="verifyJsConfirmDismiss" finished-at="2026-04-28T23:31:48 IST" duration-ms="1038" status="PASS">
          <reporter-output>
          </reporter-output>
        </test-method> <!-- verifyJsConfirmDismiss -->
        <test-method is-config="true" signature="tearDown()[pri:0, instance:com.expandtest.tests.AlertsTest@27912e3]" started-at="2026-04-28T23:31:48 IST" name="tearDown" finished-at="2026-04-28T23:31:49 IST" duration-ms="1067" status="PASS">
          <reporter-output>
          </reporter-output>
        </test-method> <!-- tearDown -->
        <test-method is-config="true" signature="setUp()[pri:0, instance:com.expandtest.tests.AlertsTest@27912e3]" started-at="2026-04-28T23:31:49 IST" name="setUp" finished-at="2026-04-28T23:31:56 IST" duration-ms="6369" status="PASS">
          <reporter-output>
          </reporter-output>
        </test-method> <!-- setUp -->
        <test-method is-config="true" signature="setupPage()[pri:0, instance:com.expandtest.tests.AlertsTest@27912e3]" started-at="2026-04-28T23:31:56 IST" name="setupPage" finished-at="2026-04-28T23:31:57 IST" duration-ms="1568" status="PASS">
          <reporter-output>
          </reporter-output>
        </test-method> <!-- setupPage -->
        <test-method signature="verifyJsPrompt()[pri:0, instance:com.expandtest.tests.AlertsTest@27912e3]" started-at="2026-04-28T23:31:57 IST" name="verifyJsPrompt" finished-at="2026-04-28T23:31:58 IST" duration-ms="302" status="PASS">
          <reporter-output>
          </reporter-output>
        </test-method> <!-- verifyJsPrompt -->
        <test-method is-config="true" signature="tearDown()[pri:0, instance:com.expandtest.tests.AlertsTest@27912e3]" started-at="2026-04-28T23:31:58 IST" name="tearDown" finished-at="2026-04-28T23:31:58 IST" duration-ms="259" status="PASS">
          <reporter-output>
          </reporter-output>
        </test-method> <!-- tearDown -->
      </class> <!-- com.expandtest.tests.AlertsTest -->
    </test> <!-- Alerts Tests -->
    <test started-at="2026-04-28T23:31:58 IST" name="Form Validations Tests" finished-at="2026-04-28T23:32:39 IST" duration-ms="40716">
      <class name="com.expandtest.tests.FormValidationsTest">
        <test-method is-config="true" signature="setUp()[pri:0, instance:com.expandtest.tests.FormValidationsTest@14f232c4]" started-at="2026-04-28T23:31:58 IST" name="setUp" finished-at="2026-04-28T23:32:04 IST" duration-ms="5995" status="PASS">
          <reporter-output>
          </reporter-output>
        </test-method> <!-- setUp -->
        <test-method signature="verifyEmptyTitleValidation()[pri:0, instance:com.expandtest.tests.FormValidationsTest@14f232c4]" started-at="2026-04-28T23:32:04 IST" name="verifyEmptyTitleValidation" finished-at="2026-04-28T23:32:09 IST" duration-ms="4609" status="PASS">
          <reporter-output>
          </reporter-output>
        </test-method> <!-- verifyEmptyTitleValidation -->
        <test-method is-config="true" signature="tearDown()[pri:0, instance:com.expandtest.tests.FormValidationsTest@14f232c4]" started-at="2026-04-28T23:32:09 IST" name="tearDown" finished-at="2026-04-28T23:32:09 IST" duration-ms="422" status="PASS">
          <reporter-output>
          </reporter-output>
        </test-method> <!-- tearDown -->
        <test-method is-config="true" signature="setUp()[pri:0, instance:com.expandtest.tests.FormValidationsTest@14f232c4]" started-at="2026-04-28T23:32:09 IST" name="setUp" finished-at="2026-04-28T23:32:18 IST" duration-ms="9373" status="PASS">
          <reporter-output>
          </reporter-output>
        </test-method> <!-- setUp -->
        <test-method signature="verifyInvalidEmailValidation()[pri:0, instance:com.expandtest.tests.FormValidationsTest@14f232c4]" started-at="2026-04-28T23:32:18 IST" name="verifyInvalidEmailValidation" finished-at="2026-04-28T23:32:26 IST" duration-ms="7240" status="PASS">
          <reporter-output>
          </reporter-output>
        </test-method> <!-- verifyInvalidEmailValidation -->
        <test-method is-config="true" signature="tearDown()[pri:0, instance:com.expandtest.tests.FormValidationsTest@14f232c4]" started-at="2026-04-28T23:32:26 IST" name="tearDown" finished-at="2026-04-28T23:32:27 IST" duration-ms="1113" status="PASS">
          <reporter-output>
          </reporter-output>
        </test-method> <!-- tearDown -->
        <test-method is-config="true" signature="setUp()[pri:0, instance:com.expandtest.tests.FormValidationsTest@14f232c4]" started-at="2026-04-28T23:32:27 IST" name="setUp" finished-at="2026-04-28T23:32:32 IST" duration-ms="5574" status="PASS">
          <reporter-output>
          </reporter-output>
        </test-method> <!-- setUp -->
        <test-method signature="verifyPasswordValidation()[pri:0, instance:com.expandtest.tests.FormValidationsTest@14f232c4]" started-at="2026-04-28T23:32:32 IST" name="verifyPasswordValidation" finished-at="2026-04-28T23:32:38 IST" duration-ms="5736" status="PASS">
          <reporter-output>
          </reporter-output>
        </test-method> <!-- verifyPasswordValidation -->
        <test-method is-config="true" signature="tearDown()[pri:0, instance:com.expandtest.tests.FormValidationsTest@14f232c4]" started-at="2026-04-28T23:32:38 IST" name="tearDown" finished-at="2026-04-28T23:32:39 IST" duration-ms="644" status="PASS">
          <reporter-output>
          </reporter-output>
        </test-method> <!-- tearDown -->
      </class> <!-- com.expandtest.tests.FormValidationsTest -->
    </test> <!-- Form Validations Tests -->
  </suite> <!-- Automation Suite -->
</testng-results>
